{
  "stats": {
    "suites": 1,
    "tests": 12,
    "passes": 10,
    "pending": 0,
    "failures": 2,
    "start": "2025-11-15T13:01:52.101Z",
    "end": "2025-11-15T13:02:08.978Z",
    "duration": 16877,
    "testsRegistered": 12,
    "passPercent": 83.33333333333334,
    "pendingPercent": 0,
    "other": 0,
    "hasOther": false,
    "skipped": 0,
    "hasSkipped": false
  },
  "results": [
    {
      "uuid": "282ad350-00b8-4455-8683-dae881405842",
      "title": "",
      "fullFile": "cypress\\e2e\\secondTest.cy.js",
      "file": "cypress\\e2e\\secondTest.cy.js",
      "beforeHooks": [],
      "afterHooks": [],
      "tests": [],
      "suites": [
        {
          "uuid": "40fae6b2-c98e-4599-8a38-a34f96973eee",
          "title": "Neflix Homepage",
          "fullFile": "",
          "file": "",
          "beforeHooks": [],
          "afterHooks": [],
          "tests": [
            {
              "title": "should visit Netflix",
              "fullTitle": "Neflix Homepage should visit Netflix",
              "timedOut": null,
              "duration": 7747,
              "state": "passed",
              "speed": "medium",
              "pass": true,
              "fail": false,
              "pending": false,
              "context": "\"High Priority\"",
              "code": "cy.visit('https://www.netflix.com');\ncy.log('Test Two completed!!');\nconsole.log('Test Two completed from console');\ncy.wait(1000);",
              "err": {},
              "uuid": "1ed7007f-5266-4299-92c0-8c438e3d55cf",
              "parentUUID": "40fae6b2-c98e-4599-8a38-a34f96973eee",
              "isHook": false,
              "skipped": false
            },
            {
              "title": "should visit Fast",
              "fullTitle": "Neflix Homepage should visit Fast",
              "timedOut": null,
              "duration": 1223,
              "state": "passed",
              "speed": "fast",
              "pass": true,
              "fail": false,
              "pending": false,
              "context": "\"Critical\"",
              "code": "cy.visit('https://www.fast.com');\ncy.log('Test Fast completed!!');\ncy.wait(1000);",
              "err": {},
              "uuid": "e86eb846-6213-4229-8874-da8fa88d9a1a",
              "parentUUID": "40fae6b2-c98e-4599-8a38-a34f96973eee",
              "isHook": false,
              "skipped": false
            },
            {
              "title": "Netflix - 1",
              "fullTitle": "Neflix Homepage Netflix - 1",
              "timedOut": null,
              "duration": 15,
              "state": "passed",
              "speed": "fast",
              "pass": true,
              "fail": false,
              "pending": false,
              "context": "\"Critical\"",
              "code": "cy.log('Test Case 1: Visiting the homepage');",
              "err": {},
              "uuid": "c5879c14-a62e-412a-a15b-d1bbbabd15fb",
              "parentUUID": "40fae6b2-c98e-4599-8a38-a34f96973eee",
              "isHook": false,
              "skipped": false
            },
            {
              "title": "Netflix - 2",
              "fullTitle": "Neflix Homepage Netflix - 2",
              "timedOut": null,
              "duration": 28,
              "state": "passed",
              "speed": "fast",
              "pass": true,
              "fail": false,
              "pending": false,
              "context": "\"High Priority\"",
              "code": "cy.log('Test Case 2: Checking if the logo is visible');",
              "err": {},
              "uuid": "f26f3390-e552-4642-ba1c-8970c59064c9",
              "parentUUID": "40fae6b2-c98e-4599-8a38-a34f96973eee",
              "isHook": false,
              "skipped": false
            },
            {
              "title": "Netflix - 3",
              "fullTitle": "Neflix Homepage Netflix - 3",
              "timedOut": null,
              "duration": 113,
              "state": "failed",
              "speed": null,
              "pass": false,
              "fail": true,
              "pending": false,
              "context": "\"High Priority\"",
              "code": "cy.log('Test Case 3: Clicking the login button');\nthrow new Error('Intentional Failure for Test Three');",
              "err": {
                "message": "Error: Intentional Failure for Test Three",
                "estack": "Error: Intentional Failure for Test Three\n    at Context.eval (webpack://cypress-docker/./cypress/e2e/secondTest.cy.js:25:14)\n    at runnable.fn (https://fast.com/__cypress/runner/cypress_runner.js:141885:19)\n    at callFn (https://fast.com/__cypress/runner/cypress_runner.js:160954:21)\n    at Runnable.run (https://fast.com/__cypress/runner/cypress_runner.js:160941:7)\n    at <unknown> (https://fast.com/__cypress/runner/cypress_runner.js:167036:30)\n    at PassThroughHandlerContext.finallyHandler (https://fast.com/__cypress/runner/cypress_runner.js:4042:23)\n    at PassThroughHandlerContext.tryCatcher (https://fast.com/__cypress/runner/cypress_runner.js:1777:23)\n    at Promise._settlePromiseFromHandler (https://fast.com/__cypress/runner/cypress_runner.js:1489:31)\n    at Promise._settlePromise (https://fast.com/__cypress/runner/cypress_runner.js:1546:18)",
                "diff": null
              },
              "uuid": "e2ac3675-ef59-4990-ba07-e22d1279911d",
              "parentUUID": "40fae6b2-c98e-4599-8a38-a34f96973eee",
              "isHook": false,
              "skipped": false
            },
            {
              "title": "Netflix - 4",
              "fullTitle": "Neflix Homepage Netflix - 4",
              "timedOut": null,
              "duration": 10,
              "state": "passed",
              "speed": "fast",
              "pass": true,
              "fail": false,
              "pending": false,
              "context": "\"Low Priority\"",
              "code": "cy.log('Test Case 4: Typing in the search box');",
              "err": {},
              "uuid": "312dd71e-7776-4a52-9d64-a5190a560f73",
              "parentUUID": "40fae6b2-c98e-4599-8a38-a34f96973eee",
              "isHook": false,
              "skipped": false
            },
            {
              "title": "Netflix - 5",
              "fullTitle": "Neflix Homepage Netflix - 5",
              "timedOut": null,
              "duration": 9,
              "state": "passed",
              "speed": "fast",
              "pass": true,
              "fail": false,
              "pending": false,
              "context": "\"High Priority\"",
              "code": "cy.log('Test Case 5: Checking if navigation menu exists');",
              "err": {},
              "uuid": "eb480f30-14b5-48b3-a8df-3ccbf59a8651",
              "parentUUID": "40fae6b2-c98e-4599-8a38-a34f96973eee",
              "isHook": false,
              "skipped": false
            },
            {
              "title": "Netflix - 6",
              "fullTitle": "Neflix Homepage Netflix - 6",
              "timedOut": null,
              "duration": 122,
              "state": "failed",
              "speed": null,
              "pass": false,
              "fail": true,
              "pending": false,
              "context": "\"Critical\"",
              "code": "cy.log('Test Case 6: Verifying page title');\nthrow new Error('Intentional Failure for Test Three');",
              "err": {
                "message": "Error: Intentional Failure for Test Three",
                "estack": "Error: Intentional Failure for Test Three\n    at Context.eval (webpack://cypress-docker/./cypress/e2e/secondTest.cy.js:38:14)\n    at runnable.fn (https://fast.com/__cypress/runner/cypress_runner.js:141885:19)\n    at callFn (https://fast.com/__cypress/runner/cypress_runner.js:160954:21)\n    at Runnable.run (https://fast.com/__cypress/runner/cypress_runner.js:160941:7)\n    at <unknown> (https://fast.com/__cypress/runner/cypress_runner.js:167036:30)\n    at PassThroughHandlerContext.finallyHandler (https://fast.com/__cypress/runner/cypress_runner.js:4042:23)\n    at PassThroughHandlerContext.tryCatcher (https://fast.com/__cypress/runner/cypress_runner.js:1777:23)\n    at Promise._settlePromiseFromHandler (https://fast.com/__cypress/runner/cypress_runner.js:1489:31)\n    at Promise._settlePromise (https://fast.com/__cypress/runner/cypress_runner.js:1546:18)",
                "diff": null
              },
              "uuid": "1d3a99b6-68f6-417f-8628-801e0f304c49",
              "parentUUID": "40fae6b2-c98e-4599-8a38-a34f96973eee",
              "isHook": false,
              "skipped": false
            },
            {
              "title": "Netflix - 7",
              "fullTitle": "Neflix Homepage Netflix - 7",
              "timedOut": null,
              "duration": 11,
              "state": "passed",
              "speed": "fast",
              "pass": true,
              "fail": false,
              "pending": false,
              "context": "\"High Priority\"",
              "code": "cy.log('Test Case 7: Clicking Products menu item');",
              "err": {},
              "uuid": "62cc5802-210a-442f-80a9-42f8c416da27",
              "parentUUID": "40fae6b2-c98e-4599-8a38-a34f96973eee",
              "isHook": false,
              "skipped": false
            },
            {
              "title": "Netflix - 8",
              "fullTitle": "Neflix Homepage Netflix - 8",
              "timedOut": null,
              "duration": 7,
              "state": "passed",
              "speed": "fast",
              "pass": true,
              "fail": false,
              "pending": false,
              "context": "\"Low Priority\"",
              "code": "cy.log('Test Case 8: Submitting a sample form');",
              "err": {},
              "uuid": "de5b2b75-0bd5-40e4-8dd7-e65cf2688729",
              "parentUUID": "40fae6b2-c98e-4599-8a38-a34f96973eee",
              "isHook": false,
              "skipped": false
            },
            {
              "title": "Netflix - 9",
              "fullTitle": "Neflix Homepage Netflix - 9",
              "timedOut": null,
              "duration": 7,
              "state": "passed",
              "speed": "fast",
              "pass": true,
              "fail": false,
              "pending": false,
              "context": "\"High Priority\"",
              "code": "cy.log('Test Case 9: Checking footer information');",
              "err": {},
              "uuid": "23832a5e-58c9-442a-9f4e-6f2e6fe93d79",
              "parentUUID": "40fae6b2-c98e-4599-8a38-a34f96973eee",
              "isHook": false,
              "skipped": false
            },
            {
              "title": "Netflix - 10",
              "fullTitle": "Neflix Homepage Netflix - 10",
              "timedOut": null,
              "duration": 8,
              "state": "passed",
              "speed": "fast",
              "pass": true,
              "fail": false,
              "pending": false,
              "context": "\"Low Priority\"",
              "code": "cy.log('Test Case 10: Checking if submit button is enabled');",
              "err": {},
              "uuid": "35241b6e-91a8-484c-bc95-47bf96be9fb8",
              "parentUUID": "40fae6b2-c98e-4599-8a38-a34f96973eee",
              "isHook": false,
              "skipped": false
            }
          ],
          "suites": [],
          "passes": [
            "1ed7007f-5266-4299-92c0-8c438e3d55cf",
            "e86eb846-6213-4229-8874-da8fa88d9a1a",
            "c5879c14-a62e-412a-a15b-d1bbbabd15fb",
            "f26f3390-e552-4642-ba1c-8970c59064c9",
            "312dd71e-7776-4a52-9d64-a5190a560f73",
            "eb480f30-14b5-48b3-a8df-3ccbf59a8651",
            "62cc5802-210a-442f-80a9-42f8c416da27",
            "de5b2b75-0bd5-40e4-8dd7-e65cf2688729",
            "23832a5e-58c9-442a-9f4e-6f2e6fe93d79",
            "35241b6e-91a8-484c-bc95-47bf96be9fb8"
          ],
          "failures": [
            "e2ac3675-ef59-4990-ba07-e22d1279911d",
            "1d3a99b6-68f6-417f-8628-801e0f304c49"
          ],
          "pending": [],
          "skipped": [],
          "duration": 9300,
          "root": false,
          "rootEmpty": false,
          "_timeout": 2000
        }
      ],
      "passes": [],
      "failures": [],
      "pending": [],
      "skipped": [],
      "duration": 0,
      "root": true,
      "rootEmpty": true,
      "_timeout": 2000
    }
  ],
  "meta": {
    "mocha": {
      "version": "7.2.0"
    },
    "mochawesome": {
      "options": {
        "quiet": false,
        "reportFilename": "mochawesome",
        "saveHtml": false,
        "saveJson": true,
        "consoleReporter": "spec",
        "useInlineDiffs": false,
        "code": true
      },
      "version": "7.1.4"
    },
    "marge": {
      "options": {
        "reportDir": "cypress/reports/mochawesome",
        "overwrite": false,
        "html": false,
        "json": true,
        "timestamp": "mmddyyyy_HHMMss"
      },
      "version": "6.3.0"
    }
  }
}