{
  "stats": {
    "suites": 1,
    "tests": 1,
    "passes": 0,
    "pending": 0,
    "failures": 1,
    "start": "2025-11-08T08:30:12.015Z",
    "end": "2025-11-08T08:30:12.508Z",
    "duration": 493,
    "testsRegistered": 1,
    "passPercent": 0,
    "pendingPercent": 0,
    "other": 0,
    "hasOther": false,
    "skipped": 0,
    "hasSkipped": false
  },
  "results": [
    {
      "uuid": "daf2df16-3d8f-481d-918a-99539a7bc6ae",
      "title": "",
      "fullFile": "cypress\\e2e\\thirdTest.cy.js",
      "file": "cypress\\e2e\\thirdTest.cy.js",
      "beforeHooks": [],
      "afterHooks": [],
      "tests": [],
      "suites": [
        {
          "uuid": "5a560db5-5db0-4934-80b0-2b80318f5814",
          "title": "Site visit",
          "fullFile": "",
          "file": "",
          "beforeHooks": [],
          "afterHooks": [],
          "tests": [
            {
              "title": "should visit google",
              "fullTitle": "Site visit should visit google",
              "timedOut": null,
              "duration": 462,
              "state": "failed",
              "speed": null,
              "pass": false,
              "fail": true,
              "pending": false,
              "context": null,
              "code": "cy.visit('https://www.google.com');\ncy.log('Test Three completed');\nconsole.log('Test Three completed from console');\nthrow new Error('Intentional Failure for Test Three');\ncy.wait(5000);",
              "err": {
                "message": "Error: Intentional Failure for Test Three",
                "estack": "Error: Intentional Failure for Test Three\n    at Context.eval (webpack://cypress-docker/./cypress/e2e/thirdTest.cy.js:6:14)\n    at runnable.fn (http://localhost:5449/__cypress/runner/cypress_runner.js:141885:19)\n    at callFn (http://localhost:5449/__cypress/runner/cypress_runner.js:160954:21)\n    at Runnable.run (http://localhost:5449/__cypress/runner/cypress_runner.js:160941:7)\n    at <unknown> (http://localhost:5449/__cypress/runner/cypress_runner.js:167036:30)\n    at PassThroughHandlerContext.finallyHandler (http://localhost:5449/__cypress/runner/cypress_runner.js:4042:23)\n    at PassThroughHandlerContext.tryCatcher (http://localhost:5449/__cypress/runner/cypress_runner.js:1777:23)\n    at Promise._settlePromiseFromHandler (http://localhost:5449/__cypress/runner/cypress_runner.js:1489:31)\n    at Promise._settlePromise (http://localhost:5449/__cypress/runner/cypress_runner.js:1546:18)",
                "diff": null
              },
              "uuid": "72f27342-37da-4c49-835d-9e9f46dbd405",
              "parentUUID": "5a560db5-5db0-4934-80b0-2b80318f5814",
              "isHook": false,
              "skipped": false
            }
          ],
          "suites": [],
          "passes": [],
          "failures": [
            "72f27342-37da-4c49-835d-9e9f46dbd405"
          ],
          "pending": [],
          "skipped": [],
          "duration": 462,
          "root": false,
          "rootEmpty": false,
          "_timeout": 2000
        }
      ],
      "passes": [],
      "failures": [],
      "pending": [],
      "skipped": [],
      "duration": 0,
      "root": true,
      "rootEmpty": true,
      "_timeout": 2000
    }
  ],
  "meta": {
    "mocha": {
      "version": "7.2.0"
    },
    "mochawesome": {
      "options": {
        "quiet": false,
        "reportFilename": "mochawesome",
        "saveHtml": false,
        "saveJson": true,
        "consoleReporter": "spec",
        "useInlineDiffs": false,
        "code": true
      },
      "version": "7.1.4"
    },
    "marge": {
      "options": {
        "reportDir": "cypress/reports/mochawesome",
        "overwrite": false,
        "html": false,
        "json": true,
        "timestamp": "mmddyyyy_HHMMss"
      },
      "version": "6.3.0"
    }
  }
}