{
  "stats": {
    "suites": 1,
    "tests": 12,
    "passes": 8,
    "pending": 0,
    "failures": 4,
    "start": "2025-11-15T13:02:10.457Z",
    "end": "2025-11-15T13:02:20.865Z",
    "duration": 10408,
    "testsRegistered": 12,
    "passPercent": 66.66666666666666,
    "pendingPercent": 0,
    "other": 0,
    "hasOther": false,
    "skipped": 0,
    "hasSkipped": false
  },
  "results": [
    {
      "uuid": "45e1a258-4554-45b4-8f27-4a4127a05feb",
      "title": "",
      "fullFile": "cypress\\e2e\\thirdTest.cy.js",
      "file": "cypress\\e2e\\thirdTest.cy.js",
      "beforeHooks": [],
      "afterHooks": [],
      "tests": [],
      "suites": [
        {
          "uuid": "d153f438-0023-4a6d-b94a-0b0c1777e26e",
          "title": "Google Homepage",
          "fullFile": "",
          "file": "",
          "beforeHooks": [],
          "afterHooks": [],
          "tests": [
            {
              "title": "should visit google",
              "fullTitle": "Google Homepage should visit google",
              "timedOut": null,
              "duration": 117,
              "state": "failed",
              "speed": null,
              "pass": false,
              "fail": true,
              "pending": false,
              "context": "\"Low Priority\"",
              "code": "cy.visit('https://www.google.com');\ncy.log('Test Three completed');\nconsole.log('Test Three completed from console');\nthrow new Error('Intentional Failure for Test Three');",
              "err": {
                "message": "Error: Intentional Failure for Test Three",
                "estack": "Error: Intentional Failure for Test Three\n    at Context.eval (webpack://cypress-docker/./cypress/e2e/thirdTest.cy.js:6:14)\n    at runnable.fn (http://localhost:2343/__cypress/runner/cypress_runner.js:141885:19)\n    at callFn (http://localhost:2343/__cypress/runner/cypress_runner.js:160954:21)\n    at Runnable.run (http://localhost:2343/__cypress/runner/cypress_runner.js:160941:7)\n    at <unknown> (http://localhost:2343/__cypress/runner/cypress_runner.js:167036:30)\n    at PassThroughHandlerContext.finallyHandler (http://localhost:2343/__cypress/runner/cypress_runner.js:4042:23)\n    at PassThroughHandlerContext.tryCatcher (http://localhost:2343/__cypress/runner/cypress_runner.js:1777:23)\n    at Promise._settlePromiseFromHandler (http://localhost:2343/__cypress/runner/cypress_runner.js:1489:31)\n    at Promise._settlePromise (http://localhost:2343/__cypress/runner/cypress_runner.js:1546:18)",
                "diff": null
              },
              "uuid": "829a3f04-5b1a-4842-aa29-df389dd29dc2",
              "parentUUID": "d153f438-0023-4a6d-b94a-0b0c1777e26e",
              "isHook": false,
              "skipped": false
            },
            {
              "title": "should type some data",
              "fullTitle": "Google Homepage should type some data",
              "timedOut": null,
              "duration": 8393,
              "state": "passed",
              "speed": "medium",
              "pass": true,
              "fail": false,
              "pending": false,
              "context": "\"High Priority\"",
              "code": "cy.visit('https://www.google.com');\ncy.get('textarea[class=\"gLFyf\"]').type('Cypress Testing');\ncy.log('Test Three - Second it block completed');\ncy.wait(7000);",
              "err": {},
              "uuid": "1897431a-328a-416b-aaba-18028f562e01",
              "parentUUID": "d153f438-0023-4a6d-b94a-0b0c1777e26e",
              "isHook": false,
              "skipped": false
            },
            {
              "title": "Google - 1",
              "fullTitle": "Google Homepage Google - 1",
              "timedOut": null,
              "duration": 35,
              "state": "passed",
              "speed": "fast",
              "pass": true,
              "fail": false,
              "pending": false,
              "context": "\"Low Priority\"",
              "code": "cy.log('Test Case 1: Visiting the homepage');",
              "err": {},
              "uuid": "436f497e-d7e4-4e99-a2e2-173cf95644a1",
              "parentUUID": "d153f438-0023-4a6d-b94a-0b0c1777e26e",
              "isHook": false,
              "skipped": false
            },
            {
              "title": "Google - 2",
              "fullTitle": "Google Homepage Google - 2",
              "timedOut": null,
              "duration": 6,
              "state": "passed",
              "speed": "fast",
              "pass": true,
              "fail": false,
              "pending": false,
              "context": "\"High Priority\"",
              "code": "cy.log('Test Case 2: Checking if the logo is visible');",
              "err": {},
              "uuid": "66b002fd-f065-437e-b94f-9d3a180240b6",
              "parentUUID": "d153f438-0023-4a6d-b94a-0b0c1777e26e",
              "isHook": false,
              "skipped": false
            },
            {
              "title": "Google - 3",
              "fullTitle": "Google Homepage Google - 3",
              "timedOut": null,
              "duration": 8,
              "state": "passed",
              "speed": "fast",
              "pass": true,
              "fail": false,
              "pending": false,
              "context": "\"Low Priority\"",
              "code": "cy.log('Test Case 3: Clicking the login button');",
              "err": {},
              "uuid": "6a53bac1-8a13-44d0-98ae-ebcaa2a5a114",
              "parentUUID": "d153f438-0023-4a6d-b94a-0b0c1777e26e",
              "isHook": false,
              "skipped": false
            },
            {
              "title": "Google - 4",
              "fullTitle": "Google Homepage Google - 4",
              "timedOut": null,
              "duration": 116,
              "state": "failed",
              "speed": null,
              "pass": false,
              "fail": true,
              "pending": false,
              "context": "\"High Priority\"",
              "code": "cy.log('Test Case 4: Typing in the search box');\nthrow new Error('Intentional Failure for Test Three');",
              "err": {
                "message": "Error: Intentional Failure for Test Three",
                "estack": "Error: Intentional Failure for Test Three\n    at Context.eval (webpack://cypress-docker/./cypress/e2e/thirdTest.cy.js:30:14)\n    at runnable.fn (https://www.google.com/__cypress/runner/cypress_runner.js:141885:19)\n    at callFn (https://www.google.com/__cypress/runner/cypress_runner.js:160954:21)\n    at Runnable.run (https://www.google.com/__cypress/runner/cypress_runner.js:160941:7)\n    at <unknown> (https://www.google.com/__cypress/runner/cypress_runner.js:167036:30)\n    at PassThroughHandlerContext.finallyHandler (https://www.google.com/__cypress/runner/cypress_runner.js:4042:23)\n    at PassThroughHandlerContext.tryCatcher (https://www.google.com/__cypress/runner/cypress_runner.js:1777:23)\n    at Promise._settlePromiseFromHandler (https://www.google.com/__cypress/runner/cypress_runner.js:1489:31)\n    at Promise._settlePromise (https://www.google.com/__cypress/runner/cypress_runner.js:1546:18)",
                "diff": null
              },
              "uuid": "0a7d31d5-d87e-4324-b14a-6a1f159603f4",
              "parentUUID": "d153f438-0023-4a6d-b94a-0b0c1777e26e",
              "isHook": false,
              "skipped": false
            },
            {
              "title": "Google - 5",
              "fullTitle": "Google Homepage Google - 5",
              "timedOut": null,
              "duration": 8,
              "state": "passed",
              "speed": "fast",
              "pass": true,
              "fail": false,
              "pending": false,
              "context": "\"Low Priority\"",
              "code": "cy.log('Test Case 5: Checking if navigation menu exists');",
              "err": {},
              "uuid": "5a53dd28-c9b1-401a-85cb-263c0fb42516",
              "parentUUID": "d153f438-0023-4a6d-b94a-0b0c1777e26e",
              "isHook": false,
              "skipped": false
            },
            {
              "title": "Google - 6",
              "fullTitle": "Google Homepage Google - 6",
              "timedOut": null,
              "duration": 9,
              "state": "passed",
              "speed": "fast",
              "pass": true,
              "fail": false,
              "pending": false,
              "context": "\"Critical\"",
              "code": "cy.log('Test Case 6: Verifying page title');",
              "err": {},
              "uuid": "50a687af-2c90-4b51-81f4-6a0e4bb37c57",
              "parentUUID": "d153f438-0023-4a6d-b94a-0b0c1777e26e",
              "isHook": false,
              "skipped": false
            },
            {
              "title": "Google - 7",
              "fullTitle": "Google Homepage Google - 7",
              "timedOut": null,
              "duration": 131,
              "state": "failed",
              "speed": null,
              "pass": false,
              "fail": true,
              "pending": false,
              "context": "\"Critical\"",
              "code": "cy.log('Test Case 7: Clicking Products menu item');\nthrow new Error('Intentional Failure for Test Three');",
              "err": {
                "message": "Error: Intentional Failure for Test Three",
                "estack": "Error: Intentional Failure for Test Three\n    at Context.eval (webpack://cypress-docker/./cypress/e2e/thirdTest.cy.js:43:14)\n    at runnable.fn (https://www.google.com/__cypress/runner/cypress_runner.js:141885:19)\n    at callFn (https://www.google.com/__cypress/runner/cypress_runner.js:160954:21)\n    at Runnable.run (https://www.google.com/__cypress/runner/cypress_runner.js:160941:7)\n    at <unknown> (https://www.google.com/__cypress/runner/cypress_runner.js:167036:30)\n    at PassThroughHandlerContext.finallyHandler (https://www.google.com/__cypress/runner/cypress_runner.js:4042:23)\n    at PassThroughHandlerContext.tryCatcher (https://www.google.com/__cypress/runner/cypress_runner.js:1777:23)\n    at Promise._settlePromiseFromHandler (https://www.google.com/__cypress/runner/cypress_runner.js:1489:31)\n    at Promise._settlePromise (https://www.google.com/__cypress/runner/cypress_runner.js:1546:18)",
                "diff": null
              },
              "uuid": "d8bc897c-a357-45e3-b3de-e6569eeb49da",
              "parentUUID": "d153f438-0023-4a6d-b94a-0b0c1777e26e",
              "isHook": false,
              "skipped": false
            },
            {
              "title": "Google - 8",
              "fullTitle": "Google Homepage Google - 8",
              "timedOut": null,
              "duration": 13,
              "state": "passed",
              "speed": "fast",
              "pass": true,
              "fail": false,
              "pending": false,
              "context": "\"High Priority\"",
              "code": "cy.log('Test Case 8: Submitting a sample form');",
              "err": {},
              "uuid": "9b707bcb-3c5a-4534-96fb-7d7cf4e17763",
              "parentUUID": "d153f438-0023-4a6d-b94a-0b0c1777e26e",
              "isHook": false,
              "skipped": false
            },
            {
              "title": "Google - 9",
              "fullTitle": "Google Homepage Google - 9",
              "timedOut": null,
              "duration": 132,
              "state": "failed",
              "speed": null,
              "pass": false,
              "fail": true,
              "pending": false,
              "context": "\"Critical\"",
              "code": "cy.log('Test Case 9: Checking footer information');\nthrow new Error('Intentional Failure for Test Three');",
              "err": {
                "message": "Error: Intentional Failure for Test Three",
                "estack": "Error: Intentional Failure for Test Three\n    at Context.eval (webpack://cypress-docker/./cypress/e2e/thirdTest.cy.js:52:14)\n    at runnable.fn (https://www.google.com/__cypress/runner/cypress_runner.js:141885:19)\n    at callFn (https://www.google.com/__cypress/runner/cypress_runner.js:160954:21)\n    at Runnable.run (https://www.google.com/__cypress/runner/cypress_runner.js:160941:7)\n    at <unknown> (https://www.google.com/__cypress/runner/cypress_runner.js:167036:30)\n    at PassThroughHandlerContext.finallyHandler (https://www.google.com/__cypress/runner/cypress_runner.js:4042:23)\n    at PassThroughHandlerContext.tryCatcher (https://www.google.com/__cypress/runner/cypress_runner.js:1777:23)\n    at Promise._settlePromiseFromHandler (https://www.google.com/__cypress/runner/cypress_runner.js:1489:31)\n    at Promise._settlePromise (https://www.google.com/__cypress/runner/cypress_runner.js:1546:18)",
                "diff": null
              },
              "uuid": "06c2d989-42c0-46fa-a7d7-0cff00710f04",
              "parentUUID": "d153f438-0023-4a6d-b94a-0b0c1777e26e",
              "isHook": false,
              "skipped": false
            },
            {
              "title": "Google - 10",
              "fullTitle": "Google Homepage Google - 10",
              "timedOut": null,
              "duration": 12,
              "state": "passed",
              "speed": "fast",
              "pass": true,
              "fail": false,
              "pending": false,
              "context": null,
              "code": "cy.log('Test Case 10: Checking if submit button is enabled');",
              "err": {},
              "uuid": "18ed66dc-a69a-4006-a45e-734530b63721",
              "parentUUID": "d153f438-0023-4a6d-b94a-0b0c1777e26e",
              "isHook": false,
              "skipped": false
            }
          ],
          "suites": [],
          "passes": [
            "1897431a-328a-416b-aaba-18028f562e01",
            "436f497e-d7e4-4e99-a2e2-173cf95644a1",
            "66b002fd-f065-437e-b94f-9d3a180240b6",
            "6a53bac1-8a13-44d0-98ae-ebcaa2a5a114",
            "5a53dd28-c9b1-401a-85cb-263c0fb42516",
            "50a687af-2c90-4b51-81f4-6a0e4bb37c57",
            "9b707bcb-3c5a-4534-96fb-7d7cf4e17763",
            "18ed66dc-a69a-4006-a45e-734530b63721"
          ],
          "failures": [
            "829a3f04-5b1a-4842-aa29-df389dd29dc2",
            "0a7d31d5-d87e-4324-b14a-6a1f159603f4",
            "d8bc897c-a357-45e3-b3de-e6569eeb49da",
            "06c2d989-42c0-46fa-a7d7-0cff00710f04"
          ],
          "pending": [],
          "skipped": [],
          "duration": 8980,
          "root": false,
          "rootEmpty": false,
          "_timeout": 2000
        }
      ],
      "passes": [],
      "failures": [],
      "pending": [],
      "skipped": [],
      "duration": 0,
      "root": true,
      "rootEmpty": true,
      "_timeout": 2000
    }
  ],
  "meta": {
    "mocha": {
      "version": "7.2.0"
    },
    "mochawesome": {
      "options": {
        "quiet": false,
        "reportFilename": "mochawesome",
        "saveHtml": false,
        "saveJson": true,
        "consoleReporter": "spec",
        "useInlineDiffs": false,
        "code": true
      },
      "version": "7.1.4"
    },
    "marge": {
      "options": {
        "reportDir": "cypress/reports/mochawesome",
        "overwrite": false,
        "html": false,
        "json": true,
        "timestamp": "mmddyyyy_HHMMss"
      },
      "version": "6.3.0"
    }
  }
}