{
  "stats": {
    "suites": 1,
    "tests": 11,
    "passes": 7,
    "pending": 0,
    "failures": 4,
    "start": "2025-11-15T13:01:46.837Z",
    "end": "2025-11-15T13:01:50.923Z",
    "duration": 4086,
    "testsRegistered": 11,
    "passPercent": 63.63636363636363,
    "pendingPercent": 0,
    "other": 0,
    "hasOther": false,
    "skipped": 0,
    "hasSkipped": false
  },
  "results": [
    {
      "uuid": "a6f5dedd-6a67-4063-b910-a6a491b14020",
      "title": "",
      "fullFile": "cypress\\e2e\\fourthTest.cy.js",
      "file": "cypress\\e2e\\fourthTest.cy.js",
      "beforeHooks": [],
      "afterHooks": [],
      "tests": [],
      "suites": [
        {
          "uuid": "97629525-bd6a-4103-9654-b0a1ce779e2c",
          "title": "Wikipedia homepage",
          "fullFile": "",
          "file": "",
          "beforeHooks": [],
          "afterHooks": [],
          "tests": [
            {
              "title": "visits Wikipedia and asserts the page loaded",
              "fullTitle": "Wikipedia homepage visits Wikipedia and asserts the page loaded",
              "timedOut": null,
              "duration": 1005,
              "state": "passed",
              "speed": "fast",
              "pass": true,
              "fail": false,
              "pending": false,
              "context": "\"Low Priority\"",
              "code": "cy.visit('https://www.wikipedia.org');\ncy.title().should('include', 'Wikipedia');\ncy.get('input#searchInput').should('be.visible');\ncy.log('Test Four completed');",
              "err": {},
              "uuid": "17ce0b86-9fd3-4d09-b81a-47936c315d77",
              "parentUUID": "97629525-bd6a-4103-9654-b0a1ce779e2c",
              "isHook": false,
              "skipped": false
            },
            {
              "title": "Wikipedia - 1",
              "fullTitle": "Wikipedia homepage Wikipedia - 1",
              "timedOut": null,
              "duration": 466,
              "state": "failed",
              "speed": null,
              "pass": false,
              "fail": true,
              "pending": false,
              "context": "\"High Priority\"",
              "code": "cy.log('Test Case 1: Visiting the homepage');\nthrow new Error('Intentional Failure for Test Three');",
              "err": {
                "message": "Error: Intentional Failure for Test Three",
                "estack": "Error: Intentional Failure for Test Three\n    at Context.eval (webpack://cypress-docker/./cypress/e2e/fourthTest.cy.js:11:14)\n    at runnable.fn (https://www.wikipedia.org/__cypress/runner/cypress_runner.js:141885:19)\n    at callFn (https://www.wikipedia.org/__cypress/runner/cypress_runner.js:160954:21)\n    at Runnable.run (https://www.wikipedia.org/__cypress/runner/cypress_runner.js:160941:7)\n    at <unknown> (https://www.wikipedia.org/__cypress/runner/cypress_runner.js:167036:30)\n    at PassThroughHandlerContext.finallyHandler (https://www.wikipedia.org/__cypress/runner/cypress_runner.js:4042:23)\n    at PassThroughHandlerContext.tryCatcher (https://www.wikipedia.org/__cypress/runner/cypress_runner.js:1777:23)\n    at Promise._settlePromiseFromHandler (https://www.wikipedia.org/__cypress/runner/cypress_runner.js:1489:31)\n    at Promise._settlePromise (https://www.wikipedia.org/__cypress/runner/cypress_runner.js:1546:18)",
                "diff": null
              },
              "uuid": "e6616c95-dbf9-48ed-827b-1cf61b9243ec",
              "parentUUID": "97629525-bd6a-4103-9654-b0a1ce779e2c",
              "isHook": false,
              "skipped": false
            },
            {
              "title": "Wikipedia - 2",
              "fullTitle": "Wikipedia homepage Wikipedia - 2",
              "timedOut": null,
              "duration": 12,
              "state": "passed",
              "speed": "fast",
              "pass": true,
              "fail": false,
              "pending": false,
              "context": "\"Low Priority\"",
              "code": "cy.log('Test Case 2: Checking if the logo is visible');",
              "err": {},
              "uuid": "4f7c84af-ca01-4716-8e46-dfd7a980255a",
              "parentUUID": "97629525-bd6a-4103-9654-b0a1ce779e2c",
              "isHook": false,
              "skipped": false
            },
            {
              "title": "Wikipedia - 3",
              "fullTitle": "Wikipedia homepage Wikipedia - 3",
              "timedOut": null,
              "duration": 8,
              "state": "passed",
              "speed": "fast",
              "pass": true,
              "fail": false,
              "pending": false,
              "context": "\"High Priority\"",
              "code": "cy.log('Test Case 3: Clicking the login button');",
              "err": {},
              "uuid": "7bf3e0f9-4952-4553-847e-ef68a5bd5664",
              "parentUUID": "97629525-bd6a-4103-9654-b0a1ce779e2c",
              "isHook": false,
              "skipped": false
            },
            {
              "title": "Wikipedia - 4",
              "fullTitle": "Wikipedia homepage Wikipedia - 4",
              "timedOut": null,
              "duration": 139,
              "state": "failed",
              "speed": null,
              "pass": false,
              "fail": true,
              "pending": false,
              "context": "\"Low Priority\"",
              "code": "cy.log('Test Case 4: Typing in the search box');\nthrow new Error('Intentional Failure for Test Three');",
              "err": {
                "message": "Error: Intentional Failure for Test Three",
                "estack": "Error: Intentional Failure for Test Three\n    at Context.eval (webpack://cypress-docker/./cypress/e2e/fourthTest.cy.js:24:14)\n    at runnable.fn (https://www.wikipedia.org/__cypress/runner/cypress_runner.js:141885:19)\n    at callFn (https://www.wikipedia.org/__cypress/runner/cypress_runner.js:160954:21)\n    at Runnable.run (https://www.wikipedia.org/__cypress/runner/cypress_runner.js:160941:7)\n    at <unknown> (https://www.wikipedia.org/__cypress/runner/cypress_runner.js:167036:30)\n    at PassThroughHandlerContext.finallyHandler (https://www.wikipedia.org/__cypress/runner/cypress_runner.js:4042:23)\n    at PassThroughHandlerContext.tryCatcher (https://www.wikipedia.org/__cypress/runner/cypress_runner.js:1777:23)\n    at Promise._settlePromiseFromHandler (https://www.wikipedia.org/__cypress/runner/cypress_runner.js:1489:31)\n    at Promise._settlePromise (https://www.wikipedia.org/__cypress/runner/cypress_runner.js:1546:18)",
                "diff": null
              },
              "uuid": "9ac7533c-345b-4d55-ac2b-fc31515cf30a",
              "parentUUID": "97629525-bd6a-4103-9654-b0a1ce779e2c",
              "isHook": false,
              "skipped": false
            },
            {
              "title": "Wikipedia - 5",
              "fullTitle": "Wikipedia homepage Wikipedia - 5",
              "timedOut": null,
              "duration": 8,
              "state": "passed",
              "speed": "fast",
              "pass": true,
              "fail": false,
              "pending": false,
              "context": "\"High Priority\"",
              "code": "cy.log('Test Case 5: Checking if navigation menu exists');",
              "err": {},
              "uuid": "39fe269f-4ec5-4521-9d77-948a53b7ff34",
              "parentUUID": "97629525-bd6a-4103-9654-b0a1ce779e2c",
              "isHook": false,
              "skipped": false
            },
            {
              "title": "Wikipedia - 6",
              "fullTitle": "Wikipedia homepage Wikipedia - 6",
              "timedOut": null,
              "duration": 132,
              "state": "failed",
              "speed": null,
              "pass": false,
              "fail": true,
              "pending": false,
              "context": "\"Low Priority\"",
              "code": "cy.log('Test Case 6: Verifying page title');\nthrow new Error('Intentional Failure for Test Three');",
              "err": {
                "message": "Error: Intentional Failure for Test Three",
                "estack": "Error: Intentional Failure for Test Three\n    at Context.eval (webpack://cypress-docker/./cypress/e2e/fourthTest.cy.js:33:14)\n    at runnable.fn (https://www.wikipedia.org/__cypress/runner/cypress_runner.js:141885:19)\n    at callFn (https://www.wikipedia.org/__cypress/runner/cypress_runner.js:160954:21)\n    at Runnable.run (https://www.wikipedia.org/__cypress/runner/cypress_runner.js:160941:7)\n    at <unknown> (https://www.wikipedia.org/__cypress/runner/cypress_runner.js:167036:30)\n    at PassThroughHandlerContext.finallyHandler (https://www.wikipedia.org/__cypress/runner/cypress_runner.js:4042:23)\n    at PassThroughHandlerContext.tryCatcher (https://www.wikipedia.org/__cypress/runner/cypress_runner.js:1777:23)\n    at Promise._settlePromiseFromHandler (https://www.wikipedia.org/__cypress/runner/cypress_runner.js:1489:31)\n    at Promise._settlePromise (https://www.wikipedia.org/__cypress/runner/cypress_runner.js:1546:18)",
                "diff": null
              },
              "uuid": "37142edc-1fa7-44dc-ab80-2383b816738c",
              "parentUUID": "97629525-bd6a-4103-9654-b0a1ce779e2c",
              "isHook": false,
              "skipped": false
            },
            {
              "title": "Wikipedia - 7",
              "fullTitle": "Wikipedia homepage Wikipedia - 7",
              "timedOut": null,
              "duration": 144,
              "state": "failed",
              "speed": null,
              "pass": false,
              "fail": true,
              "pending": false,
              "context": "\"High Priority\"",
              "code": "cy.log('Test Case 7: Clicking Products menu item');\nthrow new Error('Intentional Failure for Test Three');",
              "err": {
                "message": "Error: Intentional Failure for Test Three",
                "estack": "Error: Intentional Failure for Test Three\n    at Context.eval (webpack://cypress-docker/./cypress/e2e/fourthTest.cy.js:38:14)\n    at runnable.fn (https://www.wikipedia.org/__cypress/runner/cypress_runner.js:141885:19)\n    at callFn (https://www.wikipedia.org/__cypress/runner/cypress_runner.js:160954:21)\n    at Runnable.run (https://www.wikipedia.org/__cypress/runner/cypress_runner.js:160941:7)\n    at <unknown> (https://www.wikipedia.org/__cypress/runner/cypress_runner.js:167036:30)\n    at PassThroughHandlerContext.finallyHandler (https://www.wikipedia.org/__cypress/runner/cypress_runner.js:4042:23)\n    at PassThroughHandlerContext.tryCatcher (https://www.wikipedia.org/__cypress/runner/cypress_runner.js:1777:23)\n    at Promise._settlePromiseFromHandler (https://www.wikipedia.org/__cypress/runner/cypress_runner.js:1489:31)\n    at Promise._settlePromise (https://www.wikipedia.org/__cypress/runner/cypress_runner.js:1546:18)",
                "diff": null
              },
              "uuid": "1bda3a4e-577f-476a-9405-87d17e52d891",
              "parentUUID": "97629525-bd6a-4103-9654-b0a1ce779e2c",
              "isHook": false,
              "skipped": false
            },
            {
              "title": "Wikipedia - 8",
              "fullTitle": "Wikipedia homepage Wikipedia - 8",
              "timedOut": null,
              "duration": 15,
              "state": "passed",
              "speed": "fast",
              "pass": true,
              "fail": false,
              "pending": false,
              "context": "\"Critical\"",
              "code": "cy.log('Test Case 8: Submitting a sample form');",
              "err": {},
              "uuid": "260126e2-ad0e-4be8-8c73-4abd2f2d96e6",
              "parentUUID": "97629525-bd6a-4103-9654-b0a1ce779e2c",
              "isHook": false,
              "skipped": false
            },
            {
              "title": "Wikipedia - 9",
              "fullTitle": "Wikipedia homepage Wikipedia - 9",
              "timedOut": null,
              "duration": 11,
              "state": "passed",
              "speed": "fast",
              "pass": true,
              "fail": false,
              "pending": false,
              "context": "\"Critical\"",
              "code": "cy.log('Test Case 9: Checking footer information');",
              "err": {},
              "uuid": "1d4dd332-a394-44f4-a889-652f195c726b",
              "parentUUID": "97629525-bd6a-4103-9654-b0a1ce779e2c",
              "isHook": false,
              "skipped": false
            },
            {
              "title": "Wikipedia - 10",
              "fullTitle": "Wikipedia homepage Wikipedia - 10",
              "timedOut": null,
              "duration": 8,
              "state": "passed",
              "speed": "fast",
              "pass": true,
              "fail": false,
              "pending": false,
              "context": "\"Critical\"",
              "code": "cy.log('Test Case 10: Checking if submit button is enabled');",
              "err": {},
              "uuid": "024068ae-b7f8-4599-a018-3a9ab3ca034b",
              "parentUUID": "97629525-bd6a-4103-9654-b0a1ce779e2c",
              "isHook": false,
              "skipped": false
            }
          ],
          "suites": [],
          "passes": [
            "17ce0b86-9fd3-4d09-b81a-47936c315d77",
            "4f7c84af-ca01-4716-8e46-dfd7a980255a",
            "7bf3e0f9-4952-4553-847e-ef68a5bd5664",
            "39fe269f-4ec5-4521-9d77-948a53b7ff34",
            "260126e2-ad0e-4be8-8c73-4abd2f2d96e6",
            "1d4dd332-a394-44f4-a889-652f195c726b",
            "024068ae-b7f8-4599-a018-3a9ab3ca034b"
          ],
          "failures": [
            "e6616c95-dbf9-48ed-827b-1cf61b9243ec",
            "9ac7533c-345b-4d55-ac2b-fc31515cf30a",
            "37142edc-1fa7-44dc-ab80-2383b816738c",
            "1bda3a4e-577f-476a-9405-87d17e52d891"
          ],
          "pending": [],
          "skipped": [],
          "duration": 1948,
          "root": false,
          "rootEmpty": false,
          "_timeout": 2000
        }
      ],
      "passes": [],
      "failures": [],
      "pending": [],
      "skipped": [],
      "duration": 0,
      "root": true,
      "rootEmpty": true,
      "_timeout": 2000
    }
  ],
  "meta": {
    "mocha": {
      "version": "7.2.0"
    },
    "mochawesome": {
      "options": {
        "quiet": false,
        "reportFilename": "mochawesome",
        "saveHtml": false,
        "saveJson": true,
        "consoleReporter": "spec",
        "useInlineDiffs": false,
        "code": true
      },
      "version": "7.1.4"
    },
    "marge": {
      "options": {
        "reportDir": "cypress/reports/mochawesome",
        "overwrite": false,
        "html": false,
        "json": true,
        "timestamp": "mmddyyyy_HHMMss"
      },
      "version": "6.3.0"
    }
  }
}