{
  "stats": {
    "suites": 1,
    "tests": 1,
    "passes": 1,
    "pending": 0,
    "failures": 0,
    "start": "2025-11-08T08:29:40.032Z",
    "end": "2025-11-08T08:29:47.557Z",
    "duration": 7525,
    "testsRegistered": 1,
    "passPercent": 100,
    "pendingPercent": 0,
    "other": 0,
    "hasOther": false,
    "skipped": 0,
    "hasSkipped": false
  },
  "results": [
    {
      "uuid": "4fdeea67-55cc-4a75-b69c-a0f7bd2bfa7e",
      "title": "",
      "fullFile": "cypress\\e2e\\firstTest.cy.js",
      "file": "cypress\\e2e\\firstTest.cy.js",
      "beforeHooks": [],
      "afterHooks": [],
      "tests": [],
      "suites": [
        {
          "uuid": "514d2e26-25d7-41f1-a05b-67ea1a3cb23d",
          "title": "Docker Cypress Test",
          "fullFile": "",
          "file": "",
          "beforeHooks": [],
          "afterHooks": [],
          "tests": [
            {
              "title": "visits example.com",
              "fullTitle": "Docker Cypress Test visits example.com",
              "timedOut": null,
              "duration": 5335,
              "state": "passed",
              "speed": "medium",
              "pass": true,
              "fail": false,
              "pending": false,
              "context": null,
              "code": "cy.visit('https://example.com');\ncy.contains('Example Domain').should('be.visible');\ncy.log('Test One completed');\nconsole.log('Test One completed from console');\ncy.wait(5000);",
              "err": {},
              "uuid": "be1d3ff4-bca8-4778-9f20-3bd7082285ac",
              "parentUUID": "514d2e26-25d7-41f1-a05b-67ea1a3cb23d",
              "isHook": false,
              "skipped": false
            }
          ],
          "suites": [],
          "passes": [
            "be1d3ff4-bca8-4778-9f20-3bd7082285ac"
          ],
          "failures": [],
          "pending": [],
          "skipped": [],
          "duration": 5335,
          "root": false,
          "rootEmpty": false,
          "_timeout": 2000
        }
      ],
      "passes": [],
      "failures": [],
      "pending": [],
      "skipped": [],
      "duration": 0,
      "root": true,
      "rootEmpty": true,
      "_timeout": 2000
    }
  ],
  "meta": {
    "mocha": {
      "version": "7.2.0"
    },
    "mochawesome": {
      "options": {
        "quiet": false,
        "reportFilename": "mochawesome",
        "saveHtml": false,
        "saveJson": true,
        "consoleReporter": "spec",
        "useInlineDiffs": false,
        "code": true
      },
      "version": "7.1.4"
    },
    "marge": {
      "options": {
        "reportDir": "cypress/reports/mochawesome",
        "overwrite": false,
        "html": false,
        "json": true,
        "timestamp": "mmddyyyy_HHMMss"
      },
      "version": "6.3.0"
    }
  }
}