{
  "stats": {
    "suites": 1,
    "tests": 12,
    "passes": 10,
    "pending": 0,
    "failures": 2,
    "start": "2025-11-15T13:01:33.683Z",
    "end": "2025-11-15T13:01:45.700Z",
    "duration": 12017,
    "testsRegistered": 12,
    "passPercent": 83.33333333333334,
    "pendingPercent": 0,
    "other": 0,
    "hasOther": false,
    "skipped": 0,
    "hasSkipped": false
  },
  "results": [
    {
      "uuid": "aa579471-db24-4689-b193-128dd1a456e1",
      "title": "",
      "fullFile": "cypress\\e2e\\firstTest.cy.js",
      "file": "cypress\\e2e\\firstTest.cy.js",
      "beforeHooks": [],
      "afterHooks": [],
      "tests": [],
      "suites": [
        {
          "uuid": "4294ad5e-3ca9-4c50-bf8e-e8f6d868018e",
          "title": "Example Homepage",
          "fullFile": "",
          "file": "",
          "beforeHooks": [],
          "afterHooks": [],
          "tests": [
            {
              "title": "visits example.com",
              "fullTitle": "Example Homepage visits example.com",
              "timedOut": null,
              "duration": 1481,
              "state": "passed",
              "speed": "fast",
              "pass": true,
              "fail": false,
              "pending": false,
              "context": "\"High Priority\"",
              "code": "cy.visit('https://example.com');\ncy.contains('Example Domain').should('be.visible');\ncy.log('Test One completed');\nconsole.log('Test One completed from console');\ncy.wait(1000);",
              "err": {},
              "uuid": "0eb922a7-9428-4433-9cc0-9e0a0faabdeb",
              "parentUUID": "4294ad5e-3ca9-4c50-bf8e-e8f6d868018e",
              "isHook": false,
              "skipped": false
            },
            {
              "title": "visits example.com - 2",
              "fullTitle": "Example Homepage visits example.com - 2",
              "timedOut": null,
              "duration": 1324,
              "state": "passed",
              "speed": "fast",
              "pass": true,
              "fail": false,
              "pending": false,
              "context": "\"Critical\"",
              "code": "cy.visit('https://example.com');\ncy.contains('Example Domain').should('be.visible');\ncy.log('Test One completed');\nconsole.log('Test One completed from console');\ncy.wait(1000);",
              "err": {},
              "uuid": "d6f7aa18-0358-4157-be16-35a8052e8c3f",
              "parentUUID": "4294ad5e-3ca9-4c50-bf8e-e8f6d868018e",
              "isHook": false,
              "skipped": false
            },
            {
              "title": "Example - 1",
              "fullTitle": "Example Homepage Example - 1",
              "timedOut": null,
              "duration": 9,
              "state": "passed",
              "speed": "fast",
              "pass": true,
              "fail": false,
              "pending": false,
              "context": "\"High Priority\"",
              "code": "cy.log('Test Case 1: Visiting the homepage');",
              "err": {},
              "uuid": "0feb5300-80eb-4b2e-89f9-d69a2b0c0c94",
              "parentUUID": "4294ad5e-3ca9-4c50-bf8e-e8f6d868018e",
              "isHook": false,
              "skipped": false
            },
            {
              "title": "Example - 2",
              "fullTitle": "Example Homepage Example - 2",
              "timedOut": null,
              "duration": 9,
              "state": "passed",
              "speed": "fast",
              "pass": true,
              "fail": false,
              "pending": false,
              "context": "\"Low Priority\"",
              "code": "cy.log('Test Case 2: Checking if the logo is visible');",
              "err": {},
              "uuid": "e0e736ba-4d22-400a-b347-a11ce40c69b9",
              "parentUUID": "4294ad5e-3ca9-4c50-bf8e-e8f6d868018e",
              "isHook": false,
              "skipped": false
            },
            {
              "title": "Example - 3",
              "fullTitle": "Example Homepage Example - 3",
              "timedOut": null,
              "duration": 149,
              "state": "failed",
              "speed": null,
              "pass": false,
              "fail": true,
              "pending": false,
              "context": "\"Low Priority\"",
              "code": "cy.log('Test Case 3: Clicking the login button');\nthrow new Error('Intentional Failure for Test Three');",
              "err": {
                "message": "Error: Intentional Failure for Test Three",
                "estack": "Error: Intentional Failure for Test Three\n    at Context.eval (webpack://cypress-docker/./cypress/e2e/firstTest.cy.js:28:10)\n    at runnable.fn (https://example.com/__cypress/runner/cypress_runner.js:141885:19)\n    at callFn (https://example.com/__cypress/runner/cypress_runner.js:160954:21)\n    at Runnable.run (https://example.com/__cypress/runner/cypress_runner.js:160941:7)\n    at <unknown> (https://example.com/__cypress/runner/cypress_runner.js:167036:30)\n    at PassThroughHandlerContext.finallyHandler (https://example.com/__cypress/runner/cypress_runner.js:4042:23)\n    at PassThroughHandlerContext.tryCatcher (https://example.com/__cypress/runner/cypress_runner.js:1777:23)\n    at Promise._settlePromiseFromHandler (https://example.com/__cypress/runner/cypress_runner.js:1489:31)\n    at Promise._settlePromise (https://example.com/__cypress/runner/cypress_runner.js:1546:18)",
                "diff": null
              },
              "uuid": "d2112c08-1389-4b19-a3a2-c32ee55dea3f",
              "parentUUID": "4294ad5e-3ca9-4c50-bf8e-e8f6d868018e",
              "isHook": false,
              "skipped": false
            },
            {
              "title": "Example - 4",
              "fullTitle": "Example Homepage Example - 4",
              "timedOut": null,
              "duration": 13,
              "state": "passed",
              "speed": "fast",
              "pass": true,
              "fail": false,
              "pending": false,
              "context": "\"Critical\"",
              "code": "cy.log('Test Case 4: Typing in the search box');",
              "err": {},
              "uuid": "45d812f2-4627-41ef-acad-ca57754ff00a",
              "parentUUID": "4294ad5e-3ca9-4c50-bf8e-e8f6d868018e",
              "isHook": false,
              "skipped": false
            },
            {
              "title": "Example - 5",
              "fullTitle": "Example Homepage Example - 5",
              "timedOut": null,
              "duration": 159,
              "state": "failed",
              "speed": null,
              "pass": false,
              "fail": true,
              "pending": false,
              "context": "\"Low Priority\"",
              "code": "cy.log('Test Case 5: Checking if navigation menu exists');\nthrow new Error('Intentional Failure for Test Three');",
              "err": {
                "message": "Error: Intentional Failure for Test Three",
                "estack": "Error: Intentional Failure for Test Three\n    at Context.eval (webpack://cypress-docker/./cypress/e2e/firstTest.cy.js:37:10)\n    at runnable.fn (https://example.com/__cypress/runner/cypress_runner.js:141885:19)\n    at callFn (https://example.com/__cypress/runner/cypress_runner.js:160954:21)\n    at Runnable.run (https://example.com/__cypress/runner/cypress_runner.js:160941:7)\n    at <unknown> (https://example.com/__cypress/runner/cypress_runner.js:167036:30)\n    at PassThroughHandlerContext.finallyHandler (https://example.com/__cypress/runner/cypress_runner.js:4042:23)\n    at PassThroughHandlerContext.tryCatcher (https://example.com/__cypress/runner/cypress_runner.js:1777:23)\n    at Promise._settlePromiseFromHandler (https://example.com/__cypress/runner/cypress_runner.js:1489:31)\n    at Promise._settlePromise (https://example.com/__cypress/runner/cypress_runner.js:1546:18)",
                "diff": null
              },
              "uuid": "80d6fe89-1816-48f0-a76a-ec9ae057e48a",
              "parentUUID": "4294ad5e-3ca9-4c50-bf8e-e8f6d868018e",
              "isHook": false,
              "skipped": false
            },
            {
              "title": "Example - 6",
              "fullTitle": "Example Homepage Example - 6",
              "timedOut": null,
              "duration": 10,
              "state": "passed",
              "speed": "fast",
              "pass": true,
              "fail": false,
              "pending": false,
              "context": "\"Critical\"",
              "code": "cy.log('Test Case 6: Verifying page title');",
              "err": {},
              "uuid": "973355a0-ee68-4f7c-8233-2d3cbb112224",
              "parentUUID": "4294ad5e-3ca9-4c50-bf8e-e8f6d868018e",
              "isHook": false,
              "skipped": false
            },
            {
              "title": "Example - 7",
              "fullTitle": "Example Homepage Example - 7",
              "timedOut": null,
              "duration": 7,
              "state": "passed",
              "speed": "fast",
              "pass": true,
              "fail": false,
              "pending": false,
              "context": "\"Low Priority\"",
              "code": "cy.log('Test Case 7: Clicking Products menu item');",
              "err": {},
              "uuid": "da78d6d6-a27c-449e-89dc-12796c2e4c78",
              "parentUUID": "4294ad5e-3ca9-4c50-bf8e-e8f6d868018e",
              "isHook": false,
              "skipped": false
            },
            {
              "title": "Example - 8",
              "fullTitle": "Example Homepage Example - 8",
              "timedOut": null,
              "duration": 8,
              "state": "passed",
              "speed": "fast",
              "pass": true,
              "fail": false,
              "pending": false,
              "context": "\"High Priority\"",
              "code": "cy.log('Test Case 8: Submitting a sample form');",
              "err": {},
              "uuid": "1936ea8e-a37f-4635-bd17-c17f730a7ea7",
              "parentUUID": "4294ad5e-3ca9-4c50-bf8e-e8f6d868018e",
              "isHook": false,
              "skipped": false
            },
            {
              "title": "Example - 9",
              "fullTitle": "Example Homepage Example - 9",
              "timedOut": null,
              "duration": 8,
              "state": "passed",
              "speed": "fast",
              "pass": true,
              "fail": false,
              "pending": false,
              "context": "\"Critical\"",
              "code": "cy.log('Test Case 9: Checking footer information');",
              "err": {},
              "uuid": "a8de9c41-08d2-4744-ab14-4131833d5d9f",
              "parentUUID": "4294ad5e-3ca9-4c50-bf8e-e8f6d868018e",
              "isHook": false,
              "skipped": false
            },
            {
              "title": "Example - 10",
              "fullTitle": "Example Homepage Example - 10",
              "timedOut": null,
              "duration": 8,
              "state": "passed",
              "speed": "fast",
              "pass": true,
              "fail": false,
              "pending": false,
              "context": "\"Low Priority\"",
              "code": "cy.log('Test Case 10: Checking if submit button is enabled');",
              "err": {},
              "uuid": "16d5abad-9a7e-495d-9c5e-c3a0531ad11f",
              "parentUUID": "4294ad5e-3ca9-4c50-bf8e-e8f6d868018e",
              "isHook": false,
              "skipped": false
            }
          ],
          "suites": [],
          "passes": [
            "0eb922a7-9428-4433-9cc0-9e0a0faabdeb",
            "d6f7aa18-0358-4157-be16-35a8052e8c3f",
            "0feb5300-80eb-4b2e-89f9-d69a2b0c0c94",
            "e0e736ba-4d22-400a-b347-a11ce40c69b9",
            "45d812f2-4627-41ef-acad-ca57754ff00a",
            "973355a0-ee68-4f7c-8233-2d3cbb112224",
            "da78d6d6-a27c-449e-89dc-12796c2e4c78",
            "1936ea8e-a37f-4635-bd17-c17f730a7ea7",
            "a8de9c41-08d2-4744-ab14-4131833d5d9f",
            "16d5abad-9a7e-495d-9c5e-c3a0531ad11f"
          ],
          "failures": [
            "d2112c08-1389-4b19-a3a2-c32ee55dea3f",
            "80d6fe89-1816-48f0-a76a-ec9ae057e48a"
          ],
          "pending": [],
          "skipped": [],
          "duration": 3185,
          "root": false,
          "rootEmpty": false,
          "_timeout": 2000
        }
      ],
      "passes": [],
      "failures": [],
      "pending": [],
      "skipped": [],
      "duration": 0,
      "root": true,
      "rootEmpty": true,
      "_timeout": 2000
    }
  ],
  "meta": {
    "mocha": {
      "version": "7.2.0"
    },
    "mochawesome": {
      "options": {
        "quiet": false,
        "reportFilename": "mochawesome",
        "saveHtml": false,
        "saveJson": true,
        "consoleReporter": "spec",
        "useInlineDiffs": false,
        "code": true
      },
      "version": "7.1.4"
    },
    "marge": {
      "options": {
        "reportDir": "cypress/reports/mochawesome",
        "overwrite": false,
        "html": false,
        "json": true,
        "timestamp": "mmddyyyy_HHMMss"
      },
      "version": "6.3.0"
    }
  }
}