{
  "stats": {
    "suites": 2,
    "tests": 2,
    "passes": 2,
    "pending": 0,
    "failures": 0,
    "testsRegistered": 2,
    "passPercent": 100,
    "pendingPercent": 0,
    "other": 0,
    "hasOther": false,
    "skipped": 0,
    "hasSkipped": false,
    "start": "2025-11-08T16:06:47.063Z",
    "end": "2025-11-08T16:07:04.662Z",
    "duration": 17599
  },
  "results": [
    {
      "uuid": "3bec9d59-da4f-4702-96c3-080998ca8a0f",
      "title": "",
      "fullFile": "cypress\\e2e\\firstTest.cy.js",
      "file": "cypress\\e2e\\firstTest.cy.js",
      "beforeHooks": [],
      "afterHooks": [],
      "tests": [],
      "suites": [
        {
          "uuid": "8355403b-9ff7-46b4-bc42-0f40afdb32fd",
          "title": "Docker Cypress Test",
          "fullFile": "",
          "file": "",
          "beforeHooks": [],
          "afterHooks": [],
          "tests": [
            {
              "title": "visits example.com",
              "fullTitle": "Docker Cypress Test visits example.com",
              "timedOut": null,
              "duration": 1477,
              "state": "passed",
              "speed": "fast",
              "pass": true,
              "fail": false,
              "pending": false,
              "context": null,
              "code": "cy.visit('https://example.com');\ncy.contains('Example Domain').should('be.visible');\ncy.log('Test One completed');\nconsole.log('Test One completed from console');\ncy.wait(1000);",
              "err": {},
              "uuid": "42de47d0-9771-4b6c-8352-dd074c963c7a",
              "parentUUID": "8355403b-9ff7-46b4-bc42-0f40afdb32fd",
              "isHook": false,
              "skipped": false
            }
          ],
          "suites": [],
          "passes": [
            "42de47d0-9771-4b6c-8352-dd074c963c7a"
          ],
          "failures": [],
          "pending": [],
          "skipped": [],
          "duration": 1477,
          "root": false,
          "rootEmpty": false,
          "_timeout": 2000
        }
      ],
      "passes": [],
      "failures": [],
      "pending": [],
      "skipped": [],
      "duration": 0,
      "root": true,
      "rootEmpty": true,
      "_timeout": 2000
    },
    {
      "uuid": "32186b0f-1cfb-4236-9fa3-7fd4c00e0d94",
      "title": "",
      "fullFile": "cypress\\e2e\\secondTest.cy.js",
      "file": "cypress\\e2e\\secondTest.cy.js",
      "beforeHooks": [],
      "afterHooks": [],
      "tests": [],
      "suites": [
        {
          "uuid": "5d9111d1-0a2b-49f4-8362-f9bfb4cdef7d",
          "title": "Site visit",
          "fullFile": "",
          "file": "",
          "beforeHooks": [],
          "afterHooks": [],
          "tests": [
            {
              "title": "should visit Netflix",
              "fullTitle": "Site visit should visit Netflix",
              "timedOut": null,
              "duration": 9281,
              "state": "passed",
              "speed": "medium",
              "pass": true,
              "fail": false,
              "pending": false,
              "context": null,
              "code": "cy.visit('https://www.netflix.com');\ncy.log('Test Two completed');\nconsole.log('Test Two completed from console');\ncy.wait(1000);",
              "err": {},
              "uuid": "28febb5e-8e0c-4b08-97f3-2caec942ac50",
              "parentUUID": "5d9111d1-0a2b-49f4-8362-f9bfb4cdef7d",
              "isHook": false,
              "skipped": false
            }
          ],
          "suites": [],
          "passes": [
            "28febb5e-8e0c-4b08-97f3-2caec942ac50"
          ],
          "failures": [],
          "pending": [],
          "skipped": [],
          "duration": 9281,
          "root": false,
          "rootEmpty": false,
          "_timeout": 2000
        }
      ],
      "passes": [],
      "failures": [],
      "pending": [],
      "skipped": [],
      "duration": 0,
      "root": true,
      "rootEmpty": true,
      "_timeout": 2000
    }
  ],
  "meta": {
    "mocha": {
      "version": "7.2.0"
    },
    "mochawesome": {
      "options": {
        "quiet": false,
        "reportFilename": "mochawesome",
        "saveHtml": false,
        "saveJson": true,
        "consoleReporter": "spec",
        "useInlineDiffs": false,
        "code": true
      },
      "version": "7.1.4"
    },
    "marge": {
      "options": {
        "reportDir": "cypress/reports/mochawesome",
        "overwrite": false,
        "html": false,
        "json": true,
        "timestamp": "mmddyyyy_HHMMss"
      },
      "version": "6.3.0"
    }
  }
}